2025-05-06T12:03:04.017786200 - Overrode reservation 101
2025-05-06T12:03:05.395398600 - Overrode reservation 101
2025-05-06T12:03:06.517473100 - Overrode reservation 101
2025-05-06T12:03:07.648361300 - Overrode reservation 101
2025-05-06T12:33:06.788498300 - Added table 0
2025-05-06T12:38:27.439668600 - Added table 0
2025-05-06T12:41:49.259180500 - Added table 0
2025-05-06T12:42:29.356150600 - Added table 0
2025-05-06T22:26:31.757606100 - Added table 0
2025-05-06T22:54:18.227043100 - Added table 4
2025-05-06T22:56:53.517331100 - Added table 5
2025-05-06T22:57:35.351593500 - Added table 4
2025-05-06T22:57:39.745837800 - Removed table 4
2025-05-06T22:58:37.713639800 - Overrode reservation 101
2025-05-06T22:58:42.085370100 - Overrode reservation 101
2025-05-06T22:58:42.826944400 - Overrode reservation 101
2025-05-06T22:58:43.418469300 - Overrode reservation 101
2025-05-06T23:07:13.491480500 - Added table 4
2025-05-06T23:07:17.047768700 - Removed table 4
[2025-05-06T23:29:13.979973900] Added table with seats: 2
[2025-05-06T23:29:18.153475400] Added table with seats: 3
[2025-05-06T23:29:38.292965900] Login successful for alice
[2025-05-06T23:30:36.631425800] Login successful for alice
